<?xml version="1.0" encoding="utf-8"?>
<TestRun id="78159e29-1a1d-43a4-83f1-dc782d90197c" name="pc@DESKTOP-NV4IS5N 2025-11-06 14:07:43" runUser="DESKTOP-NV4IS5N\pc" xmlns="http://microsoft.com/schemas/VisualStudio/TeamTest/2010">
  <Times creation="2025-11-06T14:07:43.4566710+05:30" queuing="2025-11-06T14:07:43.4566713+05:30" start="2025-11-06T14:07:38.0326934+05:30" finish="2025-11-06T14:07:43.4614728+05:30" />
  <TestSettings name="default" id="f98e6a83-d1ed-40ce-af7a-424cea2688fe">
    <Deployment runDeploymentRoot="pc_DESKTOP-NV4IS5N_2025-11-06_14_07_43" />
  </TestSettings>
  <Results>
    <UnitTestResult executionId="f77efe90-7c4e-45dc-b2e5-6dd62897cbbd" testId="d8e7fd14-a2d8-b416-818c-642cfd71af8f" testName="Service_Management_Service.Tests.ProjectsControllerTests.GetAllProjects_ReturnsOk" computerName="DESKTOP-NV4IS5N" duration="00:00:03.1283215" startTime="2025-11-06T14:07:43.1848892+05:30" endTime="2025-11-06T14:07:43.1849060+05:30" testType="13cdc9d9-ddb5-4fa4-a97d-d965ccfc6d4b" outcome="Passed" testListId="8c84fa94-04c1-424b-9868-57a2d4851a1d" relativeResultsDirectory="f77efe90-7c4e-45dc-b2e5-6dd62897cbbd" />
  </Results>
  <TestDefinitions>
    <UnitTest name="Service_Management_Service.Tests.ProjectsControllerTests.GetAllProjects_ReturnsOk" storage="c:\users\pc\documents\automobile\autoservice-backend\service_management_service.tests\bin\debug\net9.0\service_management_service.tests.dll" id="d8e7fd14-a2d8-b416-818c-642cfd71af8f">
      <Execution id="f77efe90-7c4e-45dc-b2e5-6dd62897cbbd" />
      <TestMethod codeBase="C:\Users\pc\Documents\Automobile\AutoService-Backend\Service_Management_Service.Tests\bin\Debug\net9.0\Service_Management_Service.Tests.dll" adapterTypeName="executor://xunit/VsTestRunner2/netcoreapp" className="Service_Management_Service.Tests.ProjectsControllerTests" name="GetAllProjects_ReturnsOk" />
    </UnitTest>
  </TestDefinitions>
  <TestEntries>
    <TestEntry testId="d8e7fd14-a2d8-b416-818c-642cfd71af8f" executionId="f77efe90-7c4e-45dc-b2e5-6dd62897cbbd" testListId="8c84fa94-04c1-424b-9868-57a2d4851a1d" />
  </TestEntries>
  <TestLists>
    <TestList name="Results Not in a List" id="8c84fa94-04c1-424b-9868-57a2d4851a1d" />
    <TestList name="All Loaded Results" id="19431567-8539-422a-85d7-44ee4e166bda" />
  </TestLists>
  <ResultSummary outcome="Completed">
    <Counters total="1" executed="1" passed="1" failed="0" error="0" timeout="0" aborted="0" inconclusive="0" passedButRunAborted="0" notRunnable="0" notExecuted="0" disconnected="0" warning="0" completed="0" inProgress="0" pending="0" />
    <Output>
      <StdOut>[xUnit.net 00:00:00.00] xUnit.net VSTest Adapter v2.4.5+1caef2f33e (64-bit .NET 9.0.9)&#xD;
[xUnit.net 00:00:00.83]   Discovering: Service_Management_Service.Tests&#xD;
[xUnit.net 00:00:00.86]   Discovered:  Service_Management_Service.Tests&#xD;
[xUnit.net 00:00:00.86]   Starting:    Service_Management_Service.Tests&#xD;
warn: Microsoft.AspNetCore.HttpsPolicy.HttpsRedirectionMiddleware[3]&#xD;
      Failed to determine the https port for redirect.&#xD;
info: Microsoft.EntityFrameworkCore.Database.Command[20101]&#xD;
      Executed DbCommand (148ms) [Parameters=[], CommandType='Text', CommandTimeout='30']&#xD;
      SELECT a."AppointmentID", a."AppointmentType", a."CustomerID", a."EmployeeID", a."EndDate", a."StartDate", a."Status", a."Time", a."TotalPrice", a."VehicleID", c."UserID", c."Address", c."LoyaltyPoints", u."UserID", u."Email", u."Name", u."Phone", v."VehicleID", v."Company", v."CustomerID", v."Model", v."PlateNumber", v."Vin", v."Year", e."UserID", e."EmpNo", e."IsActive", e."Position", u0."UserID", u0."Email", u0."Name", u0."Phone", p."AppointmentID", p."ProjectDescription", p."ProjectTitle"&#xD;
      FROM "Appointments" AS a&#xD;
      INNER JOIN "Customers" AS c ON a."CustomerID" = c."UserID"&#xD;
      INNER JOIN "Users" AS u ON c."UserID" = u."UserID"&#xD;
      INNER JOIN "Vehicles" AS v ON a."VehicleID" = v."VehicleID"&#xD;
      LEFT JOIN "Employees" AS e ON a."EmployeeID" = e."UserID"&#xD;
      LEFT JOIN "Users" AS u0 ON e."UserID" = u0."UserID"&#xD;
      LEFT JOIN "ProjectAppointments" AS p ON a."AppointmentID" = p."AppointmentID"&#xD;
      WHERE a."AppointmentType" = 'Project'&#xD;
      ORDER BY a."StartDate" DESC&#xD;
[xUnit.net 00:00:04.06]   Finished:    Service_Management_Service.Tests&#xD;
</StdOut>
    </Output>
    <CollectorDataEntries>
      <Collector agentName="DESKTOP-NV4IS5N" uri="datacollector://microsoft/CoverletCodeCoverage/1.0" collectorDisplayName="XPlat code coverage">
        <UriAttachments>
          <UriAttachment>
            <A href="DESKTOP-NV4IS5N\coverage.cobertura.xml"></A>
          </UriAttachment>
        </UriAttachments>
      </Collector>
    </CollectorDataEntries>
  </ResultSummary>
</TestRun>